<?xml version="1.0" encoding="UTF-8"?>
<!-- Generated by org.testng.reporters.JUnitReportReporter -->
<testsuite hostname="DESKTOP-6LIE0K3" failures="0" tests="5" name="com.qa.opencart.tests.HomePageTest" time="1.760" errors="0" timestamp="2025-01-12T20:07:43 CET" skipped="0">
  <testcase classname="com.qa.opencart.tests.HomePageTest" name="searchTest" time="0.434"/>
  <testcase classname="com.qa.opencart.tests.HomePageTest" name="homePageUrlTest" time="0.003"/>
  <testcase classname="com.qa.opencart.tests.HomePageTest" name="searchTest" time="0.522"/>
  <testcase classname="com.qa.opencart.tests.HomePageTest" name="homePageTitleTest" time="0.034"/>
  <testcase classname="com.qa.opencart.tests.HomePageTest" name="searchTest" time="0.767"/>
</testsuite> <!-- com.qa.opencart.tests.HomePageTest -->
