<?xml version="1.0" encoding="UTF-8"?>
<!-- Generated by org.testng.reporters.JUnitReportReporter -->
<testsuite hostname="DESKTOP-6LIE0K3" failures="0" tests="5" name="com.qa.opencart.tests.HomePageTest" time="2.370" errors="0" timestamp="2025-01-12T19:33:46 CET" skipped="0">
  <testcase classname="com.qa.opencart.tests.HomePageTest" name="homePageTitleTest" time="0.029"/>
  <testcase classname="com.qa.opencart.tests.HomePageTest" name="searchTest" time="1.095"/>
  <testcase classname="com.qa.opencart.tests.HomePageTest" name="searchTest" time="0.567"/>
  <testcase classname="com.qa.opencart.tests.HomePageTest" name="homePageUrlTest" time="0.002"/>
  <testcase classname="com.qa.opencart.tests.HomePageTest" name="searchTest" time="0.677"/>
</testsuite> <!-- com.qa.opencart.tests.HomePageTest -->
