<?xml version="1.0" encoding="UTF-8"?>
<!-- Generated by org.testng.reporters.JUnitReportReporter -->
<testsuite hostname="DESKTOP-6LIE0K3" failures="0" tests="5" name="com.qa.opncart.tests.HomePageTest" time="6.749" errors="0" timestamp="2024-12-30T01:52:23 CET" skipped="0">
  <testcase classname="com.qa.opncart.tests.HomePageTest" name="searchTest" time="1.685"/>
  <testcase classname="com.qa.opncart.tests.HomePageTest" name="searchTest" time="2.518"/>
  <testcase classname="com.qa.opncart.tests.HomePageTest" name="homePageTitleTest" time="0.018"/>
  <testcase classname="com.qa.opncart.tests.HomePageTest" name="searchTest" time="2.527"/>
  <testcase classname="com.qa.opncart.tests.HomePageTest" name="homePageUrlTest" time="0.001"/>
</testsuite> <!-- com.qa.opncart.tests.HomePageTest -->
