<?xml version="1.0" encoding="UTF-8"?>
<!-- Generated by org.testng.reporters.JUnitReportReporter -->
<testsuite hostname="DESKTOP-6LIE0K3" failures="0" tests="3" name="com.qa.opencart.tests.LoginPageTest" time="2.370" errors="0" timestamp="2025-01-01T03:44:17 CET" skipped="0">
  <testcase classname="com.qa.opencart.tests.LoginPageTest" name="loginPageNavigationTest" time="0.618"/>
  <testcase classname="com.qa.opencart.tests.LoginPageTest" name="forgotPaswLinkExistTest" time="0.488"/>
  <testcase classname="com.qa.opencart.tests.LoginPageTest" name="appLoginTest" time="1.264"/>
</testsuite> <!-- com.qa.opencart.tests.LoginPageTest -->
