<?xml version="1.0" encoding="UTF-8"?>
<!-- Generated by org.testng.reporters.JUnitReportReporter -->
<testsuite hostname="DESKTOP-6LIE0K3" failures="0" tests="5" name="com.qa.opencart.tests.HomePageTest" time="1.659" errors="0" timestamp="2025-01-01T03:44:17 CET" skipped="0">
  <testcase classname="com.qa.opencart.tests.HomePageTest" name="searchTest" time="0.473"/>
  <testcase classname="com.qa.opencart.tests.HomePageTest" name="homePageTitleTest" time="0.045"/>
  <testcase classname="com.qa.opencart.tests.HomePageTest" name="searchTest" time="0.544"/>
  <testcase classname="com.qa.opencart.tests.HomePageTest" name="searchTest" time="0.596"/>
  <testcase classname="com.qa.opencart.tests.HomePageTest" name="homePageUrlTest" time="0.001"/>
</testsuite> <!-- com.qa.opencart.tests.HomePageTest -->
